<?xml version="1.0" encoding="UTF-8"?>
<testng-results ignored="0" total="1" passed="1" failed="0" skipped="0">
  <reporter-output>
  </reporter-output>
  <suite started-at="2022-06-02T07:27:49 IST" name="Default suite" finished-at="2022-06-02T07:27:53 IST" duration-ms="4454">
    <groups>
    </groups>
    <test started-at="2022-06-02T07:27:49 IST" name="Default test" finished-at="2022-06-02T07:27:53 IST" duration-ms="4454">
      <class name="com.ul.testcase.TC_about_004">
        <test-method is-config="true" signature="setup()[pri:0, instance:com.ul.testcase.TC_about_004@342c38f8]" started-at="2022-06-02T07:27:49 IST" name="setup" finished-at="2022-06-02T07:27:52 IST" duration-ms="3321" status="PASS">
          <reporter-output>
          </reporter-output>
        </test-method> <!-- setup -->
        <test-method signature="aboutcheck()[pri:0, instance:com.ul.testcase.TC_about_004@342c38f8]" started-at="2022-06-02T07:27:52 IST" name="aboutcheck" finished-at="2022-06-02T07:27:53 IST" duration-ms="946" status="PASS">
          <reporter-output>
          </reporter-output>
        </test-method> <!-- aboutcheck -->
        <test-method is-config="true" signature="SetDown()[pri:0, instance:com.ul.testcase.TC_about_004@342c38f8]" started-at="2022-06-02T07:27:53 IST" name="SetDown" finished-at="2022-06-02T07:27:53 IST" duration-ms="153" status="PASS">
          <reporter-output>
          </reporter-output>
        </test-method> <!-- SetDown -->
      </class> <!-- com.ul.testcase.TC_about_004 -->
    </test> <!-- Default test -->
  </suite> <!-- Default suite -->
</testng-results>
